21-Nov-2015 04:17:10.617 INFO [main] org.apache.catalina.core.StandardServer.await A valid shutdown command was received via the shutdown port. Stopping the Server instance.
21-Nov-2015 04:17:10.617 INFO [main] org.apache.coyote.AbstractProtocol.pause Pausing ProtocolHandler ["http-nio-8080"]
21-Nov-2015 04:17:10.668 INFO [main] org.apache.coyote.AbstractProtocol.pause Pausing ProtocolHandler ["ajp-nio-8009"]
21-Nov-2015 04:17:10.719 INFO [main] org.apache.catalina.core.StandardService.stopInternal Stopping service Catalina
21-Nov-2015 04:17:10.755 WARNING [localhost-startStop-2] org.apache.catalina.loader.WebappClassLoaderBase.clearReferencesJdbc The web application [SilkRoad] registered the JDBC driver [com.mysql.jdbc.Driver] but failed to unregister it when the web application was stopped. To prevent a memory leak, the JDBC Driver has been forcibly unregistered.
21-Nov-2015 04:17:10.756 WARNING [localhost-startStop-2] org.apache.catalina.loader.WebappClassLoaderBase.clearReferencesThreads The web application [SilkRoad] appears to have started a thread named [Abandoned connection cleanup thread] but has failed to stop it. This is very likely to create a memory leak. Stack trace of thread:
 java.lang.Object.wait(Native Method)
 java.lang.ref.ReferenceQueue.remove(Unknown Source)
 com.mysql.jdbc.AbandonedConnectionCleanupThread.run(AbandonedConnectionCleanupThread.java:43)
21-Nov-2015 04:17:10.771 INFO [main] org.apache.coyote.AbstractProtocol.stop Stopping ProtocolHandler ["http-nio-8080"]
21-Nov-2015 04:17:10.773 INFO [main] org.apache.coyote.AbstractProtocol.stop Stopping ProtocolHandler ["ajp-nio-8009"]
21-Nov-2015 04:17:10.774 INFO [main] org.apache.coyote.AbstractProtocol.destroy Destroying ProtocolHandler ["http-nio-8080"]
21-Nov-2015 04:17:10.776 INFO [main] org.apache.coyote.AbstractProtocol.destroy Destroying ProtocolHandler ["ajp-nio-8009"]
21-Nov-2015 10:32:58.212 INFO [main] org.apache.catalina.startup.VersionLoggerListener.log Server version:        Apache Tomcat/8.0.28
21-Nov-2015 10:32:58.212 INFO [main] org.apache.catalina.startup.VersionLoggerListener.log Server built:          Oct 7 2015 18:25:21 UTC
21-Nov-2015 10:32:58.213 INFO [main] org.apache.catalina.startup.VersionLoggerListener.log Server number:         8.0.28.0
21-Nov-2015 10:32:58.213 INFO [main] org.apache.catalina.startup.VersionLoggerListener.log OS Name:               Windows 10
21-Nov-2015 10:32:58.213 INFO [main] org.apache.catalina.startup.VersionLoggerListener.log OS Version:            10.0
21-Nov-2015 10:32:58.213 INFO [main] org.apache.catalina.startup.VersionLoggerListener.log Architecture:          x86
21-Nov-2015 10:32:58.213 INFO [main] org.apache.catalina.startup.VersionLoggerListener.log Java Home:             C:\Program Files (x86)\Java\jre1.8.0_66
21-Nov-2015 10:32:58.213 INFO [main] org.apache.catalina.startup.VersionLoggerListener.log JVM Version:           1.8.0_66-b18
21-Nov-2015 10:32:58.214 INFO [main] org.apache.catalina.startup.VersionLoggerListener.log JVM Vendor:            Oracle Corporation
21-Nov-2015 10:32:58.214 INFO [main] org.apache.catalina.startup.VersionLoggerListener.log CATALINA_BASE:         D:\Files\Projects\SilkRoad-5.0\Tomcat
21-Nov-2015 10:32:58.214 INFO [main] org.apache.catalina.startup.VersionLoggerListener.log CATALINA_HOME:         D:\Files\Projects\SilkRoad-5.0\Tomcat
21-Nov-2015 10:32:58.214 INFO [main] org.apache.catalina.startup.VersionLoggerListener.log Command line argument: -Djava.util.logging.config.file=D:\Files\Projects\SilkRoad-5.0\Tomcat\conf\logging.properties
21-Nov-2015 10:32:58.214 INFO [main] org.apache.catalina.startup.VersionLoggerListener.log Command line argument: -Djava.util.logging.manager=org.apache.juli.ClassLoaderLogManager
21-Nov-2015 10:32:58.215 INFO [main] org.apache.catalina.startup.VersionLoggerListener.log Command line argument: -Djava.endorsed.dirs=D:\Files\Projects\SilkRoad-5.0\Tomcat\endorsed
21-Nov-2015 10:32:58.215 INFO [main] org.apache.catalina.startup.VersionLoggerListener.log Command line argument: -Dcatalina.base=D:\Files\Projects\SilkRoad-5.0\Tomcat
21-Nov-2015 10:32:58.215 INFO [main] org.apache.catalina.startup.VersionLoggerListener.log Command line argument: -Dcatalina.home=D:\Files\Projects\SilkRoad-5.0\Tomcat
21-Nov-2015 10:32:58.216 INFO [main] org.apache.catalina.startup.VersionLoggerListener.log Command line argument: -Djava.io.tmpdir=D:\Files\Projects\SilkRoad-5.0\Tomcat\temp
21-Nov-2015 10:32:58.216 INFO [main] org.apache.catalina.core.AprLifecycleListener.lifecycleEvent The APR based Apache Tomcat Native library which allows optimal performance in production environments was not found on the java.library.path: C:\Program Files (x86)\Java\jre1.8.0_66\bin;C:\Windows\Sun\Java\bin;C:\Windows\system32;C:\Windows;C:\Languages\Python3_4\;C:\Languages\Python3_4\Scripts;C:\Languages\Python27\;C:\Languages\Python27\Scripts;C:\ProgramData\Oracle\Java\javapath;C:\Windows\system32;C:\Windows;C:\Windows\System32\Wbem;C:\Windows\System32\WindowsPowerShell\v1.0\;D:\Program Files (x86)\Git\cmd;C:\Program Files (x86)\Skype\Phone\;C:\Program Files (x86)\SMLNJ\bin\;C:\Program Files (x86)\Windows Kits\8.1\Windows Performance Toolkit\;D:\Program Files\Microsoft SQL Server\120\Tools\Binn\;C:\Program Files (x86)\PharosSystems\Core;C:\Program Files (x86)\MySQL\MySQL Fabric 1.5 & MySQL Utilities 1.5\;C:\Program Files (x86)\MySQL\MySQL Fabric 1.5 & MySQL Utilities 1.5\Doctrine extensions for PHP\;C:\Users\sonor\AppData\Local\atom\bin;.
21-Nov-2015 10:32:58.339 INFO [main] org.apache.coyote.AbstractProtocol.init Initializing ProtocolHandler ["http-nio-8080"]
21-Nov-2015 10:32:58.379 INFO [main] org.apache.tomcat.util.net.NioSelectorPool.getSharedSelector Using a shared selector for servlet write/read
21-Nov-2015 10:32:58.381 INFO [main] org.apache.coyote.AbstractProtocol.init Initializing ProtocolHandler ["ajp-nio-8009"]
21-Nov-2015 10:32:58.383 INFO [main] org.apache.tomcat.util.net.NioSelectorPool.getSharedSelector Using a shared selector for servlet write/read
21-Nov-2015 10:32:58.383 INFO [main] org.apache.catalina.startup.Catalina.load Initialization processed in 469 ms
21-Nov-2015 10:32:58.402 INFO [main] org.apache.catalina.core.StandardService.startInternal Starting service Catalina
21-Nov-2015 10:32:58.403 INFO [main] org.apache.catalina.core.StandardEngine.startInternal Starting Servlet Engine: Apache Tomcat/8.0.28
21-Nov-2015 10:32:58.421 INFO [localhost-startStop-1] org.apache.catalina.startup.HostConfig.deployWAR Deploying web application archive D:\Files\Projects\SilkRoad-5.0\Tomcat\webapps\CSE305.war
21-Nov-2015 10:32:58.759 INFO [localhost-startStop-1] org.apache.jasper.servlet.TldScanner.scanJars At least one JAR was scanned for TLDs yet contained no TLDs. Enable debug logging for this logger for a complete list of JARs that were scanned but no TLDs were found in them. Skipping unneeded JARs during scanning can improve startup time and JSP compilation time.
21-Nov-2015 10:32:58.835 INFO [localhost-startStop-1] org.apache.catalina.startup.HostConfig.deployWAR Deployment of web application archive D:\Files\Projects\SilkRoad-5.0\Tomcat\webapps\CSE305.war has finished in 414 ms
21-Nov-2015 10:32:58.836 INFO [localhost-startStop-1] org.apache.catalina.startup.HostConfig.deployDirectory Deploying web application directory D:\Files\Projects\SilkRoad-5.0\Tomcat\webapps\CSE305_Sample
21-Nov-2015 10:32:58.968 INFO [localhost-startStop-1] org.apache.jasper.servlet.TldScanner.scanJars At least one JAR was scanned for TLDs yet contained no TLDs. Enable debug logging for this logger for a complete list of JARs that were scanned but no TLDs were found in them. Skipping unneeded JARs during scanning can improve startup time and JSP compilation time.
21-Nov-2015 10:32:58.971 INFO [localhost-startStop-1] org.apache.catalina.startup.HostConfig.deployDirectory Deployment of web application directory D:\Files\Projects\SilkRoad-5.0\Tomcat\webapps\CSE305_Sample has finished in 135 ms
21-Nov-2015 10:32:58.971 INFO [localhost-startStop-1] org.apache.catalina.startup.HostConfig.deployDirectory Deploying web application directory D:\Files\Projects\SilkRoad-5.0\Tomcat\webapps\host-manager
21-Nov-2015 10:32:59.002 INFO [localhost-startStop-1] org.apache.catalina.startup.HostConfig.deployDirectory Deployment of web application directory D:\Files\Projects\SilkRoad-5.0\Tomcat\webapps\host-manager has finished in 30 ms
21-Nov-2015 10:32:59.002 INFO [localhost-startStop-1] org.apache.catalina.startup.HostConfig.deployDirectory Deploying web application directory D:\Files\Projects\SilkRoad-5.0\Tomcat\webapps\manager
21-Nov-2015 10:32:59.034 INFO [localhost-startStop-1] org.apache.catalina.startup.HostConfig.deployDirectory Deployment of web application directory D:\Files\Projects\SilkRoad-5.0\Tomcat\webapps\manager has finished in 32 ms
21-Nov-2015 10:32:59.035 INFO [localhost-startStop-1] org.apache.catalina.startup.HostConfig.deployDirectory Deploying web application directory D:\Files\Projects\SilkRoad-5.0\Tomcat\webapps\ROOT
21-Nov-2015 10:32:59.055 INFO [localhost-startStop-1] org.apache.catalina.startup.HostConfig.deployDirectory Deployment of web application directory D:\Files\Projects\SilkRoad-5.0\Tomcat\webapps\ROOT has finished in 20 ms
21-Nov-2015 10:32:59.056 INFO [localhost-startStop-1] org.apache.catalina.startup.HostConfig.deployDirectory Deploying web application directory D:\Files\Projects\SilkRoad-5.0\Tomcat\webapps\SilkRoad
21-Nov-2015 10:32:59.202 INFO [localhost-startStop-1] org.apache.jasper.servlet.TldScanner.scanJars At least one JAR was scanned for TLDs yet contained no TLDs. Enable debug logging for this logger for a complete list of JARs that were scanned but no TLDs were found in them. Skipping unneeded JARs during scanning can improve startup time and JSP compilation time.
21-Nov-2015 10:32:59.205 INFO [localhost-startStop-1] org.apache.catalina.startup.HostConfig.deployDirectory Deployment of web application directory D:\Files\Projects\SilkRoad-5.0\Tomcat\webapps\SilkRoad has finished in 148 ms
21-Nov-2015 10:32:59.207 INFO [main] org.apache.coyote.AbstractProtocol.start Starting ProtocolHandler ["http-nio-8080"]
21-Nov-2015 10:32:59.212 INFO [main] org.apache.coyote.AbstractProtocol.start Starting ProtocolHandler ["ajp-nio-8009"]
21-Nov-2015 10:32:59.213 INFO [main] org.apache.catalina.startup.Catalina.start Server startup in 829 ms
21-Nov-2015 22:31:56.099 INFO [main] org.apache.catalina.core.StandardServer.await A valid shutdown command was received via the shutdown port. Stopping the Server instance.
21-Nov-2015 22:31:56.100 INFO [main] org.apache.coyote.AbstractProtocol.pause Pausing ProtocolHandler ["http-nio-8080"]
21-Nov-2015 22:31:56.151 INFO [main] org.apache.coyote.AbstractProtocol.pause Pausing ProtocolHandler ["ajp-nio-8009"]
21-Nov-2015 22:31:56.202 INFO [main] org.apache.catalina.core.StandardService.stopInternal Stopping service Catalina
21-Nov-2015 22:31:56.260 WARNING [localhost-startStop-2] org.apache.catalina.loader.WebappClassLoaderBase.clearReferencesJdbc The web application [SilkRoad] registered the JDBC driver [com.mysql.jdbc.Driver] but failed to unregister it when the web application was stopped. To prevent a memory leak, the JDBC Driver has been forcibly unregistered.
21-Nov-2015 22:31:56.263 WARNING [localhost-startStop-2] org.apache.catalina.loader.WebappClassLoaderBase.clearReferencesThreads The web application [SilkRoad] appears to have started a thread named [Abandoned connection cleanup thread] but has failed to stop it. This is very likely to create a memory leak. Stack trace of thread:
 java.lang.Object.wait(Native Method)
 java.lang.ref.ReferenceQueue.remove(Unknown Source)
 com.mysql.jdbc.AbandonedConnectionCleanupThread.run(AbandonedConnectionCleanupThread.java:43)
21-Nov-2015 22:31:56.295 INFO [main] org.apache.coyote.AbstractProtocol.stop Stopping ProtocolHandler ["http-nio-8080"]
21-Nov-2015 22:31:56.297 INFO [main] org.apache.coyote.AbstractProtocol.stop Stopping ProtocolHandler ["ajp-nio-8009"]
21-Nov-2015 22:31:56.298 INFO [main] org.apache.coyote.AbstractProtocol.destroy Destroying ProtocolHandler ["http-nio-8080"]
21-Nov-2015 22:31:56.300 INFO [main] org.apache.coyote.AbstractProtocol.destroy Destroying ProtocolHandler ["ajp-nio-8009"]
21-Nov-2015 22:40:57.611 INFO [main] org.apache.catalina.startup.VersionLoggerListener.log Server version:        Apache Tomcat/8.0.28
21-Nov-2015 22:40:57.611 INFO [main] org.apache.catalina.startup.VersionLoggerListener.log Server built:          Oct 7 2015 18:25:21 UTC
21-Nov-2015 22:40:57.611 INFO [main] org.apache.catalina.startup.VersionLoggerListener.log Server number:         8.0.28.0
21-Nov-2015 22:40:57.611 INFO [main] org.apache.catalina.startup.VersionLoggerListener.log OS Name:               Windows 10
21-Nov-2015 22:40:57.611 INFO [main] org.apache.catalina.startup.VersionLoggerListener.log OS Version:            10.0
21-Nov-2015 22:40:57.611 INFO [main] org.apache.catalina.startup.VersionLoggerListener.log Architecture:          x86
21-Nov-2015 22:40:57.611 INFO [main] org.apache.catalina.startup.VersionLoggerListener.log Java Home:             C:\Program Files (x86)\Java\jre1.8.0_66
21-Nov-2015 22:40:57.611 INFO [main] org.apache.catalina.startup.VersionLoggerListener.log JVM Version:           1.8.0_66-b18
21-Nov-2015 22:40:57.611 INFO [main] org.apache.catalina.startup.VersionLoggerListener.log JVM Vendor:            Oracle Corporation
21-Nov-2015 22:40:57.611 INFO [main] org.apache.catalina.startup.VersionLoggerListener.log CATALINA_BASE:         D:\Files\Projects\SilkRoad-5.0\Tomcat
21-Nov-2015 22:40:57.611 INFO [main] org.apache.catalina.startup.VersionLoggerListener.log CATALINA_HOME:         D:\Files\Projects\SilkRoad-5.0\Tomcat
21-Nov-2015 22:40:57.611 INFO [main] org.apache.catalina.startup.VersionLoggerListener.log Command line argument: -Djava.util.logging.config.file=D:\Files\Projects\SilkRoad-5.0\Tomcat\conf\logging.properties
21-Nov-2015 22:40:57.611 INFO [main] org.apache.catalina.startup.VersionLoggerListener.log Command line argument: -Djava.util.logging.manager=org.apache.juli.ClassLoaderLogManager
21-Nov-2015 22:40:57.611 INFO [main] org.apache.catalina.startup.VersionLoggerListener.log Command line argument: -Djava.endorsed.dirs=D:\Files\Projects\SilkRoad-5.0\Tomcat\endorsed
21-Nov-2015 22:40:57.611 INFO [main] org.apache.catalina.startup.VersionLoggerListener.log Command line argument: -Dcatalina.base=D:\Files\Projects\SilkRoad-5.0\Tomcat
21-Nov-2015 22:40:57.611 INFO [main] org.apache.catalina.startup.VersionLoggerListener.log Command line argument: -Dcatalina.home=D:\Files\Projects\SilkRoad-5.0\Tomcat
21-Nov-2015 22:40:57.611 INFO [main] org.apache.catalina.startup.VersionLoggerListener.log Command line argument: -Djava.io.tmpdir=D:\Files\Projects\SilkRoad-5.0\Tomcat\temp
21-Nov-2015 22:40:57.626 INFO [main] org.apache.catalina.core.AprLifecycleListener.lifecycleEvent The APR based Apache Tomcat Native library which allows optimal performance in production environments was not found on the java.library.path: C:\Program Files (x86)\Java\jre1.8.0_66\bin;C:\Windows\Sun\Java\bin;C:\Windows\system32;C:\Windows;C:\Languages\Python3_4\;C:\Languages\Python3_4\Scripts;C:\Languages\Python27\;C:\Languages\Python27\Scripts;C:\ProgramData\Oracle\Java\javapath;C:\Windows\system32;C:\Windows;C:\Windows\System32\Wbem;C:\Windows\System32\WindowsPowerShell\v1.0\;D:\Program Files (x86)\Git\cmd;C:\Program Files (x86)\Skype\Phone\;C:\Program Files (x86)\SMLNJ\bin\;C:\Program Files (x86)\Windows Kits\8.1\Windows Performance Toolkit\;D:\Program Files\Microsoft SQL Server\120\Tools\Binn\;C:\Program Files (x86)\PharosSystems\Core;C:\Program Files (x86)\MySQL\MySQL Fabric 1.5 & MySQL Utilities 1.5\;C:\Program Files (x86)\MySQL\MySQL Fabric 1.5 & MySQL Utilities 1.5\Doctrine extensions for PHP\;C:\Users\sonor\AppData\Local\atom\bin;.
21-Nov-2015 22:40:57.767 INFO [main] org.apache.coyote.AbstractProtocol.init Initializing ProtocolHandler ["http-nio-8080"]
21-Nov-2015 22:40:57.829 INFO [main] org.apache.tomcat.util.net.NioSelectorPool.getSharedSelector Using a shared selector for servlet write/read
21-Nov-2015 22:40:57.829 INFO [main] org.apache.coyote.AbstractProtocol.init Initializing ProtocolHandler ["ajp-nio-8009"]
21-Nov-2015 22:40:57.845 INFO [main] org.apache.tomcat.util.net.NioSelectorPool.getSharedSelector Using a shared selector for servlet write/read
21-Nov-2015 22:40:57.845 INFO [main] org.apache.catalina.startup.Catalina.load Initialization processed in 711 ms
21-Nov-2015 22:40:57.876 INFO [main] org.apache.catalina.core.StandardService.startInternal Starting service Catalina
21-Nov-2015 22:40:57.876 INFO [main] org.apache.catalina.core.StandardEngine.startInternal Starting Servlet Engine: Apache Tomcat/8.0.28
21-Nov-2015 22:40:58.111 INFO [localhost-startStop-1] org.apache.catalina.startup.HostConfig.deployWAR Deploying web application archive D:\Files\Projects\SilkRoad-5.0\Tomcat\webapps\CSE305.war
21-Nov-2015 22:40:58.954 INFO [localhost-startStop-1] org.apache.jasper.servlet.TldScanner.scanJars At least one JAR was scanned for TLDs yet contained no TLDs. Enable debug logging for this logger for a complete list of JARs that were scanned but no TLDs were found in them. Skipping unneeded JARs during scanning can improve startup time and JSP compilation time.
21-Nov-2015 22:40:59.111 INFO [localhost-startStop-1] org.apache.catalina.startup.HostConfig.deployWAR Deployment of web application archive D:\Files\Projects\SilkRoad-5.0\Tomcat\webapps\CSE305.war has finished in 1,000 ms
21-Nov-2015 22:40:59.142 INFO [localhost-startStop-1] org.apache.catalina.startup.HostConfig.deployDirectory Deploying web application directory D:\Files\Projects\SilkRoad-5.0\Tomcat\webapps\CSE305_Sample
21-Nov-2015 22:40:59.439 INFO [localhost-startStop-1] org.apache.jasper.servlet.TldScanner.scanJars At least one JAR was scanned for TLDs yet contained no TLDs. Enable debug logging for this logger for a complete list of JARs that were scanned but no TLDs were found in them. Skipping unneeded JARs during scanning can improve startup time and JSP compilation time.
21-Nov-2015 22:40:59.439 INFO [localhost-startStop-1] org.apache.catalina.startup.HostConfig.deployDirectory Deployment of web application directory D:\Files\Projects\SilkRoad-5.0\Tomcat\webapps\CSE305_Sample has finished in 297 ms
21-Nov-2015 22:40:59.439 INFO [localhost-startStop-1] org.apache.catalina.startup.HostConfig.deployDirectory Deploying web application directory D:\Files\Projects\SilkRoad-5.0\Tomcat\webapps\host-manager
21-Nov-2015 22:40:59.595 INFO [localhost-startStop-1] org.apache.catalina.startup.HostConfig.deployDirectory Deployment of web application directory D:\Files\Projects\SilkRoad-5.0\Tomcat\webapps\host-manager has finished in 156 ms
21-Nov-2015 22:40:59.595 INFO [localhost-startStop-1] org.apache.catalina.startup.HostConfig.deployDirectory Deploying web application directory D:\Files\Projects\SilkRoad-5.0\Tomcat\webapps\manager
21-Nov-2015 22:40:59.704 INFO [localhost-startStop-1] org.apache.catalina.startup.HostConfig.deployDirectory Deployment of web application directory D:\Files\Projects\SilkRoad-5.0\Tomcat\webapps\manager has finished in 109 ms
21-Nov-2015 22:40:59.704 INFO [localhost-startStop-1] org.apache.catalina.startup.HostConfig.deployDirectory Deploying web application directory D:\Files\Projects\SilkRoad-5.0\Tomcat\webapps\ROOT
21-Nov-2015 22:40:59.783 INFO [localhost-startStop-1] org.apache.catalina.startup.HostConfig.deployDirectory Deployment of web application directory D:\Files\Projects\SilkRoad-5.0\Tomcat\webapps\ROOT has finished in 79 ms
21-Nov-2015 22:40:59.783 INFO [localhost-startStop-1] org.apache.catalina.startup.HostConfig.deployDirectory Deploying web application directory D:\Files\Projects\SilkRoad-5.0\Tomcat\webapps\SilkRoad
21-Nov-2015 22:41:00.033 INFO [localhost-startStop-1] org.apache.jasper.servlet.TldScanner.scanJars At least one JAR was scanned for TLDs yet contained no TLDs. Enable debug logging for this logger for a complete list of JARs that were scanned but no TLDs were found in them. Skipping unneeded JARs during scanning can improve startup time and JSP compilation time.
21-Nov-2015 22:41:00.048 INFO [localhost-startStop-1] org.apache.catalina.startup.HostConfig.deployDirectory Deployment of web application directory D:\Files\Projects\SilkRoad-5.0\Tomcat\webapps\SilkRoad has finished in 265 ms
21-Nov-2015 22:41:00.048 INFO [main] org.apache.coyote.AbstractProtocol.start Starting ProtocolHandler ["http-nio-8080"]
21-Nov-2015 22:41:00.095 INFO [main] org.apache.coyote.AbstractProtocol.start Starting ProtocolHandler ["ajp-nio-8009"]
21-Nov-2015 22:41:00.095 INFO [main] org.apache.catalina.startup.Catalina.start Server startup in 2252 ms
