11-Nov-2015 16:43:16.653 INFO [main] org.apache.catalina.startup.VersionLoggerListener.log Server version:        Apache Tomcat/8.0.28
11-Nov-2015 16:43:16.654 INFO [main] org.apache.catalina.startup.VersionLoggerListener.log Server built:          Oct 7 2015 18:25:21 UTC
11-Nov-2015 16:43:16.654 INFO [main] org.apache.catalina.startup.VersionLoggerListener.log Server number:         8.0.28.0
11-Nov-2015 16:43:16.655 INFO [main] org.apache.catalina.startup.VersionLoggerListener.log OS Name:               Windows 10
11-Nov-2015 16:43:16.655 INFO [main] org.apache.catalina.startup.VersionLoggerListener.log OS Version:            10.0
11-Nov-2015 16:43:16.655 INFO [main] org.apache.catalina.startup.VersionLoggerListener.log Architecture:          x86
11-Nov-2015 16:43:16.655 INFO [main] org.apache.catalina.startup.VersionLoggerListener.log Java Home:             C:\Program Files (x86)\Java\jre1.8.0_60
11-Nov-2015 16:43:16.655 INFO [main] org.apache.catalina.startup.VersionLoggerListener.log JVM Version:           1.8.0_60-b27
11-Nov-2015 16:43:16.655 INFO [main] org.apache.catalina.startup.VersionLoggerListener.log JVM Vendor:            Oracle Corporation
11-Nov-2015 16:43:16.656 INFO [main] org.apache.catalina.startup.VersionLoggerListener.log CATALINA_BASE:         D:\Files\Projects\SilkRoad-5.0\apache_version8\apache-tomcat-8.0.28\apache-tomcat-8.0.28
11-Nov-2015 16:43:16.656 INFO [main] org.apache.catalina.startup.VersionLoggerListener.log CATALINA_HOME:         D:\Files\Projects\SilkRoad-5.0\apache_version8\apache-tomcat-8.0.28\apache-tomcat-8.0.28
11-Nov-2015 16:43:16.656 INFO [main] org.apache.catalina.startup.VersionLoggerListener.log Command line argument: -Djava.util.logging.config.file=D:\Files\Projects\SilkRoad-5.0\apache_version8\apache-tomcat-8.0.28\apache-tomcat-8.0.28\conf\logging.properties
11-Nov-2015 16:43:16.656 INFO [main] org.apache.catalina.startup.VersionLoggerListener.log Command line argument: -Djava.util.logging.manager=org.apache.juli.ClassLoaderLogManager
11-Nov-2015 16:43:16.657 INFO [main] org.apache.catalina.startup.VersionLoggerListener.log Command line argument: -Djava.endorsed.dirs=D:\Files\Projects\SilkRoad-5.0\apache_version8\apache-tomcat-8.0.28\apache-tomcat-8.0.28\endorsed
11-Nov-2015 16:43:16.657 INFO [main] org.apache.catalina.startup.VersionLoggerListener.log Command line argument: -Dcatalina.base=D:\Files\Projects\SilkRoad-5.0\apache_version8\apache-tomcat-8.0.28\apache-tomcat-8.0.28
11-Nov-2015 16:43:16.657 INFO [main] org.apache.catalina.startup.VersionLoggerListener.log Command line argument: -Dcatalina.home=D:\Files\Projects\SilkRoad-5.0\apache_version8\apache-tomcat-8.0.28\apache-tomcat-8.0.28
11-Nov-2015 16:43:16.658 INFO [main] org.apache.catalina.startup.VersionLoggerListener.log Command line argument: -Djava.io.tmpdir=D:\Files\Projects\SilkRoad-5.0\apache_version8\apache-tomcat-8.0.28\apache-tomcat-8.0.28\temp
11-Nov-2015 16:43:16.658 INFO [main] org.apache.catalina.core.AprLifecycleListener.lifecycleEvent The APR based Apache Tomcat Native library which allows optimal performance in production environments was not found on the java.library.path: C:\Program Files (x86)\Java\jre1.8.0_60\bin;C:\Windows\Sun\Java\bin;C:\Windows\system32;C:\Windows;C:\Languages\Python3_4\;C:\Languages\Python3_4\Scripts;C:\Languages\Python27\;C:\Languages\Python27\Scripts;C:\ProgramData\Oracle\Java\javapath;C:\Windows\system32;C:\Windows;C:\Windows\System32\Wbem;C:\Windows\System32\WindowsPowerShell\v1.0\;D:\Program Files (x86)\Git\cmd;C:\Program Files (x86)\Skype\Phone\;C:\Program Files (x86)\SMLNJ\bin\;C:\Program Files (x86)\Windows Kits\8.1\Windows Performance Toolkit\;D:\Program Files\Microsoft SQL Server\120\Tools\Binn\;C:\Program Files (x86)\PharosSystems\Core;C:\Program Files (x86)\MySQL\MySQL Fabric 1.5 & MySQL Utilities 1.5\;C:\Program Files (x86)\MySQL\MySQL Fabric 1.5 & MySQL Utilities 1.5\Doctrine extensions for PHP\;C:\Users\sonor\AppData\Local\atom\bin;.
11-Nov-2015 16:43:16.779 INFO [main] org.apache.coyote.AbstractProtocol.init Initializing ProtocolHandler ["http-nio-8080"]
11-Nov-2015 16:43:16.836 INFO [main] org.apache.tomcat.util.net.NioSelectorPool.getSharedSelector Using a shared selector for servlet write/read
11-Nov-2015 16:43:16.839 INFO [main] org.apache.coyote.AbstractProtocol.init Initializing ProtocolHandler ["ajp-nio-8009"]
11-Nov-2015 16:43:16.840 INFO [main] org.apache.tomcat.util.net.NioSelectorPool.getSharedSelector Using a shared selector for servlet write/read
11-Nov-2015 16:43:16.841 INFO [main] org.apache.catalina.startup.Catalina.load Initialization processed in 522 ms
11-Nov-2015 16:43:16.865 INFO [main] org.apache.catalina.core.StandardService.startInternal Starting service Catalina
11-Nov-2015 16:43:16.865 INFO [main] org.apache.catalina.core.StandardEngine.startInternal Starting Servlet Engine: Apache Tomcat/8.0.28
11-Nov-2015 16:43:16.899 INFO [localhost-startStop-1] org.apache.catalina.startup.HostConfig.deployDirectory Deploying web application directory D:\Files\Projects\SilkRoad-5.0\apache_version8\apache-tomcat-8.0.28\apache-tomcat-8.0.28\webapps\docs
11-Nov-2015 16:43:17.140 INFO [localhost-startStop-1] org.apache.catalina.startup.HostConfig.deployDirectory Deployment of web application directory D:\Files\Projects\SilkRoad-5.0\apache_version8\apache-tomcat-8.0.28\apache-tomcat-8.0.28\webapps\docs has finished in 240 ms
11-Nov-2015 16:43:17.140 INFO [localhost-startStop-1] org.apache.catalina.startup.HostConfig.deployDirectory Deploying web application directory D:\Files\Projects\SilkRoad-5.0\apache_version8\apache-tomcat-8.0.28\apache-tomcat-8.0.28\webapps\examples
11-Nov-2015 16:43:17.485 INFO [localhost-startStop-1] org.apache.catalina.startup.HostConfig.deployDirectory Deployment of web application directory D:\Files\Projects\SilkRoad-5.0\apache_version8\apache-tomcat-8.0.28\apache-tomcat-8.0.28\webapps\examples has finished in 345 ms
11-Nov-2015 16:43:17.486 INFO [localhost-startStop-1] org.apache.catalina.startup.HostConfig.deployDirectory Deploying web application directory D:\Files\Projects\SilkRoad-5.0\apache_version8\apache-tomcat-8.0.28\apache-tomcat-8.0.28\webapps\host-manager
11-Nov-2015 16:43:17.513 INFO [localhost-startStop-1] org.apache.catalina.startup.HostConfig.deployDirectory Deployment of web application directory D:\Files\Projects\SilkRoad-5.0\apache_version8\apache-tomcat-8.0.28\apache-tomcat-8.0.28\webapps\host-manager has finished in 27 ms
11-Nov-2015 16:43:17.513 INFO [localhost-startStop-1] org.apache.catalina.startup.HostConfig.deployDirectory Deploying web application directory D:\Files\Projects\SilkRoad-5.0\apache_version8\apache-tomcat-8.0.28\apache-tomcat-8.0.28\webapps\manager
11-Nov-2015 16:43:17.536 INFO [localhost-startStop-1] org.apache.catalina.startup.HostConfig.deployDirectory Deployment of web application directory D:\Files\Projects\SilkRoad-5.0\apache_version8\apache-tomcat-8.0.28\apache-tomcat-8.0.28\webapps\manager has finished in 23 ms
11-Nov-2015 16:43:17.536 INFO [localhost-startStop-1] org.apache.catalina.startup.HostConfig.deployDirectory Deploying web application directory D:\Files\Projects\SilkRoad-5.0\apache_version8\apache-tomcat-8.0.28\apache-tomcat-8.0.28\webapps\ROOT
11-Nov-2015 16:43:17.553 INFO [localhost-startStop-1] org.apache.catalina.startup.HostConfig.deployDirectory Deployment of web application directory D:\Files\Projects\SilkRoad-5.0\apache_version8\apache-tomcat-8.0.28\apache-tomcat-8.0.28\webapps\ROOT has finished in 17 ms
11-Nov-2015 16:43:17.556 INFO [main] org.apache.coyote.AbstractProtocol.start Starting ProtocolHandler ["http-nio-8080"]
11-Nov-2015 16:43:17.561 INFO [main] org.apache.coyote.AbstractProtocol.start Starting ProtocolHandler ["ajp-nio-8009"]
11-Nov-2015 16:43:17.567 INFO [main] org.apache.catalina.startup.Catalina.start Server startup in 725 ms
11-Nov-2015 16:45:27.662 INFO [localhost-startStop-2] org.apache.catalina.startup.HostConfig.deployWAR Deploying web application archive D:\Files\Projects\SilkRoad-5.0\apache_version8\apache-tomcat-8.0.28\apache-tomcat-8.0.28\webapps\CSE305.war
11-Nov-2015 16:45:27.953 INFO [localhost-startStop-2] org.apache.jasper.servlet.TldScanner.scanJars At least one JAR was scanned for TLDs yet contained no TLDs. Enable debug logging for this logger for a complete list of JARs that were scanned but no TLDs were found in them. Skipping unneeded JARs during scanning can improve startup time and JSP compilation time.
11-Nov-2015 16:45:27.959 INFO [localhost-startStop-2] org.apache.catalina.startup.HostConfig.deployWAR Deployment of web application archive D:\Files\Projects\SilkRoad-5.0\apache_version8\apache-tomcat-8.0.28\apache-tomcat-8.0.28\webapps\CSE305.war has finished in 297 ms
11-Nov-2015 17:00:51.461 SEVERE [main] org.apache.catalina.startup.Catalina.stopServer Could not contact localhost:8005. Tomcat may not be running.
