19-Nov-2015 11:50:55.630 SEVERE [main] org.apache.catalina.startup.Catalina.stopServer Could not contact localhost:8005. Tomcat may not be running.
19-Nov-2015 11:50:59.342 INFO [main] org.apache.catalina.startup.VersionLoggerListener.log Server version:        Apache Tomcat/8.0.28
19-Nov-2015 11:50:59.342 INFO [main] org.apache.catalina.startup.VersionLoggerListener.log Server built:          Oct 7 2015 18:25:21 UTC
19-Nov-2015 11:50:59.343 INFO [main] org.apache.catalina.startup.VersionLoggerListener.log Server number:         8.0.28.0
19-Nov-2015 11:50:59.343 INFO [main] org.apache.catalina.startup.VersionLoggerListener.log OS Name:               Windows 10
19-Nov-2015 11:50:59.343 INFO [main] org.apache.catalina.startup.VersionLoggerListener.log OS Version:            10.0
19-Nov-2015 11:50:59.343 INFO [main] org.apache.catalina.startup.VersionLoggerListener.log Architecture:          x86
19-Nov-2015 11:50:59.343 INFO [main] org.apache.catalina.startup.VersionLoggerListener.log Java Home:             C:\Program Files (x86)\Java\jre1.8.0_66
19-Nov-2015 11:50:59.343 INFO [main] org.apache.catalina.startup.VersionLoggerListener.log JVM Version:           1.8.0_66-b18
19-Nov-2015 11:50:59.343 INFO [main] org.apache.catalina.startup.VersionLoggerListener.log JVM Vendor:            Oracle Corporation
19-Nov-2015 11:50:59.344 INFO [main] org.apache.catalina.startup.VersionLoggerListener.log CATALINA_BASE:         D:\Files\Projects\SilkRoad-5.0\Tomcat
19-Nov-2015 11:50:59.344 INFO [main] org.apache.catalina.startup.VersionLoggerListener.log CATALINA_HOME:         D:\Files\Projects\SilkRoad-5.0\Tomcat
19-Nov-2015 11:50:59.344 INFO [main] org.apache.catalina.startup.VersionLoggerListener.log Command line argument: -Djava.util.logging.config.file=D:\Files\Projects\SilkRoad-5.0\Tomcat\conf\logging.properties
19-Nov-2015 11:50:59.344 INFO [main] org.apache.catalina.startup.VersionLoggerListener.log Command line argument: -Djava.util.logging.manager=org.apache.juli.ClassLoaderLogManager
19-Nov-2015 11:50:59.345 INFO [main] org.apache.catalina.startup.VersionLoggerListener.log Command line argument: -Djava.endorsed.dirs=D:\Files\Projects\SilkRoad-5.0\Tomcat\endorsed
19-Nov-2015 11:50:59.345 INFO [main] org.apache.catalina.startup.VersionLoggerListener.log Command line argument: -Dcatalina.base=D:\Files\Projects\SilkRoad-5.0\Tomcat
19-Nov-2015 11:50:59.345 INFO [main] org.apache.catalina.startup.VersionLoggerListener.log Command line argument: -Dcatalina.home=D:\Files\Projects\SilkRoad-5.0\Tomcat
19-Nov-2015 11:50:59.346 INFO [main] org.apache.catalina.startup.VersionLoggerListener.log Command line argument: -Djava.io.tmpdir=D:\Files\Projects\SilkRoad-5.0\Tomcat\temp
19-Nov-2015 11:50:59.346 INFO [main] org.apache.catalina.core.AprLifecycleListener.lifecycleEvent The APR based Apache Tomcat Native library which allows optimal performance in production environments was not found on the java.library.path: C:\Program Files (x86)\Java\jre1.8.0_66\bin;C:\Windows\Sun\Java\bin;C:\Windows\system32;C:\Windows;C:\Languages\Python3_4\;C:\Languages\Python3_4\Scripts;C:\Languages\Python27\;C:\Languages\Python27\Scripts;C:\ProgramData\Oracle\Java\javapath;C:\Windows\system32;C:\Windows;C:\Windows\System32\Wbem;C:\Windows\System32\WindowsPowerShell\v1.0\;D:\Program Files (x86)\Git\cmd;C:\Program Files (x86)\Skype\Phone\;C:\Program Files (x86)\SMLNJ\bin\;C:\Program Files (x86)\Windows Kits\8.1\Windows Performance Toolkit\;D:\Program Files\Microsoft SQL Server\120\Tools\Binn\;C:\Program Files (x86)\PharosSystems\Core;C:\Program Files (x86)\MySQL\MySQL Fabric 1.5 & MySQL Utilities 1.5\;C:\Program Files (x86)\MySQL\MySQL Fabric 1.5 & MySQL Utilities 1.5\Doctrine extensions for PHP\;C:\Users\sonor\AppData\Local\atom\bin;.
19-Nov-2015 11:50:59.519 INFO [main] org.apache.coyote.AbstractProtocol.init Initializing ProtocolHandler ["http-nio-8080"]
19-Nov-2015 11:50:59.583 INFO [main] org.apache.tomcat.util.net.NioSelectorPool.getSharedSelector Using a shared selector for servlet write/read
19-Nov-2015 11:50:59.585 INFO [main] org.apache.coyote.AbstractProtocol.init Initializing ProtocolHandler ["ajp-nio-8009"]
19-Nov-2015 11:50:59.587 INFO [main] org.apache.tomcat.util.net.NioSelectorPool.getSharedSelector Using a shared selector for servlet write/read
19-Nov-2015 11:50:59.588 INFO [main] org.apache.catalina.startup.Catalina.load Initialization processed in 572 ms
19-Nov-2015 11:50:59.633 INFO [main] org.apache.catalina.core.StandardService.startInternal Starting service Catalina
19-Nov-2015 11:50:59.633 INFO [main] org.apache.catalina.core.StandardEngine.startInternal Starting Servlet Engine: Apache Tomcat/8.0.28
19-Nov-2015 11:50:59.689 INFO [localhost-startStop-1] org.apache.catalina.startup.HostConfig.deployWAR Deploying web application archive D:\Files\Projects\SilkRoad-5.0\Tomcat\webapps\CSE305.war
19-Nov-2015 11:51:00.414 INFO [localhost-startStop-1] org.apache.jasper.servlet.TldScanner.scanJars At least one JAR was scanned for TLDs yet contained no TLDs. Enable debug logging for this logger for a complete list of JARs that were scanned but no TLDs were found in them. Skipping unneeded JARs during scanning can improve startup time and JSP compilation time.
19-Nov-2015 11:51:00.517 INFO [localhost-startStop-1] org.apache.catalina.startup.HostConfig.deployWAR Deployment of web application archive D:\Files\Projects\SilkRoad-5.0\Tomcat\webapps\CSE305.war has finished in 829 ms
19-Nov-2015 11:51:00.518 INFO [localhost-startStop-1] org.apache.catalina.startup.HostConfig.deployDirectory Deploying web application directory D:\Files\Projects\SilkRoad-5.0\Tomcat\webapps\CSE305_Sample
19-Nov-2015 11:51:00.677 INFO [localhost-startStop-1] org.apache.jasper.servlet.TldScanner.scanJars At least one JAR was scanned for TLDs yet contained no TLDs. Enable debug logging for this logger for a complete list of JARs that were scanned but no TLDs were found in them. Skipping unneeded JARs during scanning can improve startup time and JSP compilation time.
19-Nov-2015 11:51:00.680 INFO [localhost-startStop-1] org.apache.catalina.startup.HostConfig.deployDirectory Deployment of web application directory D:\Files\Projects\SilkRoad-5.0\Tomcat\webapps\CSE305_Sample has finished in 162 ms
19-Nov-2015 11:51:00.681 INFO [localhost-startStop-1] org.apache.catalina.startup.HostConfig.deployDirectory Deploying web application directory D:\Files\Projects\SilkRoad-5.0\Tomcat\webapps\host-manager
19-Nov-2015 11:51:00.731 INFO [localhost-startStop-1] org.apache.catalina.startup.HostConfig.deployDirectory Deployment of web application directory D:\Files\Projects\SilkRoad-5.0\Tomcat\webapps\host-manager has finished in 50 ms
19-Nov-2015 11:51:00.742 INFO [localhost-startStop-1] org.apache.catalina.startup.HostConfig.deployDirectory Deploying web application directory D:\Files\Projects\SilkRoad-5.0\Tomcat\webapps\manager
19-Nov-2015 11:51:00.796 INFO [localhost-startStop-1] org.apache.catalina.startup.HostConfig.deployDirectory Deployment of web application directory D:\Files\Projects\SilkRoad-5.0\Tomcat\webapps\manager has finished in 54 ms
19-Nov-2015 11:51:00.796 INFO [localhost-startStop-1] org.apache.catalina.startup.HostConfig.deployDirectory Deploying web application directory D:\Files\Projects\SilkRoad-5.0\Tomcat\webapps\ROOT
19-Nov-2015 11:51:00.829 INFO [localhost-startStop-1] org.apache.catalina.startup.HostConfig.deployDirectory Deployment of web application directory D:\Files\Projects\SilkRoad-5.0\Tomcat\webapps\ROOT has finished in 33 ms
19-Nov-2015 11:51:00.829 INFO [localhost-startStop-1] org.apache.catalina.startup.HostConfig.deployDirectory Deploying web application directory D:\Files\Projects\SilkRoad-5.0\Tomcat\webapps\SilkRoad
19-Nov-2015 11:51:00.996 INFO [localhost-startStop-1] org.apache.jasper.servlet.TldScanner.scanJars At least one JAR was scanned for TLDs yet contained no TLDs. Enable debug logging for this logger for a complete list of JARs that were scanned but no TLDs were found in them. Skipping unneeded JARs during scanning can improve startup time and JSP compilation time.
19-Nov-2015 11:51:00.999 INFO [localhost-startStop-1] org.apache.catalina.startup.HostConfig.deployDirectory Deployment of web application directory D:\Files\Projects\SilkRoad-5.0\Tomcat\webapps\SilkRoad has finished in 170 ms
19-Nov-2015 11:51:01.001 INFO [main] org.apache.coyote.AbstractProtocol.start Starting ProtocolHandler ["http-nio-8080"]
19-Nov-2015 11:51:01.006 INFO [main] org.apache.coyote.AbstractProtocol.start Starting ProtocolHandler ["ajp-nio-8009"]
19-Nov-2015 11:51:01.007 INFO [main] org.apache.catalina.startup.Catalina.start Server startup in 1419 ms
